-------------
Duky
Amity
Elena
Lynn
Valentijn
-------------
Abrehart|Paddy
Adanez|Alina
Aldrin|Bax
Aristide|Ivett
Assel|Waylin
Autrie|Hayward
Bantock|Howey
Beadon|Shandra
Beesey|Linea
Birds|Konstantin
Birt|Ariella
Booth|Husain
Brake|Meir
Bretherick|Ian
Brobyn|Renee
Brodley|Linn
Canfield|Philippa
Caplen|Denis
Casewell|Sorcha
Cass|Royal
Chattock|Deny
Christopherson|Jeffry
Coate|Larina
Cobbald|Tally
Cosgrive|Aretha
Courson|Wolfy
Crick|Maurise
Cringle|Zulema
Crucetti|Judith
Culross|Robinet
Darmody|Byrann
Davioud|Mateo
Demetr|Tymothy
Dible|Livvie
Domenico|Jill
Dougal|Berne
Ducker|Olvan
Eason|Eward
Easson|Osborne
Edgeley|Emmery
Everex|Chelsy
Feveryear|Irving
Ghion|Sarine
Girdlestone|Marylinda
Goucher|Paddie
Gowrich|Raf
Griffey|Katlin
Guilder|Cinderella
Guitton|Isador
Guly|Virgilio
Gwyllt|Mariquilla
Habert|Karina
Hammerstone|Margareta
Haston|Barbi
Hawkin|Kizzie
Hurt|Law
Iacovielli|Elga
Illesley|Tabor
Ilyenko|Irvin
Instone|Grenville
Jinkin|Silvain
Jirasek|Flori
Josovitz|Filbert
Keenan|Hank
King|Cristina
Klesel|Markus
Knight|Denis
Knottley|Ania
Knowlton|Cornie
Lage|Mohandas
Laste|Richmond
Leaf|Tatiana
Lemon|Wittie
Leven|Emmalynn
Lupton|Carlos
Lyston|Pierette
Lytlle|Basia
M'cowis|Eric
Matitiaho|Vicky
Mayte|Fayre
Naerup|Calv
Nibley|Carena
Niess|Corbet
O'Hickee|Noella
Pedron|Inglis
Phare|Beverlee
Podd|Mildrid
Rathbourne|Oswald
Ratledge|Alvis
Reding|Goober
Renner|Zach
Ricarde|Walsh
Ritter|Anthe
Rockhill|Tamarah
Ruckert|Oswell
Servante|Jabez
Shearmur|Justino
Shrestha|Terra
Skeermor|Eveline
Skoyles|Pattie
Snelle|Lambert
Stagge|Thedric
Stickley|Sasha
Swoffer|Eal
Symper|Ilyse
Taft|Juliann
Teanby|Jason
Timberlake|Babbette
Tolefree|Kerstin
Totman|Jennica
Towers|Zared
Treppas|Rubin
Tullis|Sheffield
Urrey|Krissy
Varah|Krystle
Veeler|Avrom
Venner|Demetria
Wearne|Julienne
Wewell|Frankie
Wilber|Gabi
Worner|Huey
-------------
Alberts|Tawsha
Allmann|Karoline
Amis|Linette
Boniface|Karalynn
Broschek|Kristien
Canfield|Philippa
Castenda|Avis
Cawcutt|Keelia
Chown|Mikaela
Coate|Larina
Cockshot|Delilah
Cowling|Karin
Dewan|Kendre
Dripps|Hadria
Dunbavin|Caryl
Edelmann|Hedvig
Flores|Gray
Fosberry|Lurleen
Goadbie|Trista
Goff|Helen-elizabeth
Gotmann|Hazel
Grieve|Jo-ann
Hamsher|Daria
Haucke|Trudie
Hawkin|Kizzie
Hearnshaw|Marlena
Hector|Caroljean
Hollyman|Elsey
Huffa|Ferdinande
Iacovielli|Elga
Ilbert|Charmain
Jacquemy|Linet
Joselevitz|Milicent
Kieran|Lyndsay
Kiff|Brita
Klement|Corri
Kohen|Carmencita
Lansdowne|Janina
Larkings|Chiarra
Leydon|Tracey
Lindblad|Rozina
Lucken|Danielle
MacFaell|Midge
Makepeace|Demetris
Manilove|Katey
Martins|Geraldine
McAllister|Sunny
McCraine|Felipa
McTrustrie|Sophi
Micallef|Robena
Muggleston|Lois
Murton|Kim
O'Flannery|Anne-marie
Peers|Suzanne
Poor|Claudette
Priditt|Florentia
Ramalhete|Gwendolyn
Revance|Jaimie
Rockhill|Tamarah
Safell|Clemmie
Schriren|Deeann
Slader|Jennica
Sonley|Carmela
Staynes|Martynne
Thrasher|Georgianne
Tiddeman|Persis
Timberlake|Babbette
Totman|Jennica
Trubshawe|Talyah
Truckett|Aryn
Twinterman|Lorelei
Tyndall|Lena
Urrey|Krissy
Van der Baaren|Lizbeth
Venner|Lise
Vosse|Nicolle
Wanne|Kathrine
Wegenen|Annora
Wethered|Gretel
Whiten|Chiquia
-------------
Corbet|Niess
Noella|O'Hickee
Vicky|Matitiaho
Jill|Domenico
Irving|Feveryear
Cinderella|Guilder
Meir|Brake
Mariquilla|Gwyllt
Krystle|Varah
Philippa|Canfield
Irvin|Ilyenko
Kizzie|Hawkin
Eveline|Skeermor
Ania|Knottley
Jennica|Totman
Tatiana|Leaf
-------------
-------------
-------------
changes: 0   total_changes: 0
-------------
changes: 0   total_changes: 0
-------------
changes: 0   total_changes: 0
-------------
changes: 1   total_changes: 1
-------------
